<?xml version="1.0" encoding="UTF-8"?>
<testsuites name="jest tests" tests="53" failures="0" errors="0" time="9.55">
  <testsuite name="combat timing" errors="0" failures="0" skipped="0" timestamp="2026-09-23T17:55:12" time="6.684" tests="3">
    <testcase classname="combat timing keeps the result alive beyond the fallback worker deadline" name="combat timing keeps the result alive beyond the fallback worker deadline" time="0.011">
    </testcase>
    <testcase classname="combat timing allows an explicit short local-test timeout" name="combat timing allows an explicit short local-test timeout" time="0.001">
    </testcase>
    <testcase classname="combat timing uses the real playback budget for missing or invalid configuration" name="combat timing uses the real playback budget for missing or invalid configuration" time="0.001">
    </testcase>
  </testsuite>
  <testsuite name="PubsubBridge targeted delivery" errors="0" failures="0" skipped="0" timestamp="2026-09-23T17:55:12" time="7.453" tests="2">
    <testcase classname="PubsubBridge targeted delivery auto-subscribes queued user sockets from the first match phase event" name="PubsubBridge targeted delivery auto-subscribes queued user sockets from the first match phase event" time="0.012">
    </testcase>
    <testcase classname="PubsubBridge targeted delivery broadcasts public events but keeps private shop offers player-scoped" name="PubsubBridge targeted delivery broadcasts public events but keeps private shop offers player-scoped" time="0.001">
    </testcase>
  </testsuite>
  <testsuite name="MatchRuntimeAdapter WS action seam" errors="0" failures="0" skipped="0" timestamp="2026-09-23T17:55:12" time="7.658" tests="6">
    <testcase classname="MatchRuntimeAdapter WS action seam resolves the active match and routes shop actions" name="MatchRuntimeAdapter WS action seam resolves the active match and routes shop actions" time="0.018">
    </testcase>
    <testcase classname="MatchRuntimeAdapter WS action seam moves an owned unit, publishes state, persists it, and dedupes retries" name="MatchRuntimeAdapter WS action seam moves an owned unit, publishes state, persists it, and dedupes retries" time="0.039">
    </testcase>
    <testcase classname="MatchRuntimeAdapter WS action seam rejects bench slot 8 and a unit the caller does not own" name="MatchRuntimeAdapter WS action seam rejects bench slot 8 and a unit the caller does not own" time="0.009">
    </testcase>
    <testcase classname="MatchRuntimeAdapter WS action seam dedupes ready actions and starts combat after two distinct players ready" name="MatchRuntimeAdapter WS action seam dedupes ready actions and starts combat after two distinct players ready" time="0.019">
    </testcase>
    <testcase classname="MatchRuntimeAdapter WS action seam lets a player cancel ready before the second player starts combat" name="MatchRuntimeAdapter WS action seam lets a player cancel ready before the second player starts combat" time="0.01">
    </testcase>
    <testcase classname="MatchRuntimeAdapter WS action seam resolves the active match for a one-argument disconnect" name="MatchRuntimeAdapter WS action seam resolves the active match for a one-argument disconnect" time="0.005">
    </testcase>
  </testsuite>
  <testsuite name="AllExceptionsFilter (P1-BE-01)" errors="0" failures="0" skipped="0" timestamp="2026-09-23T17:55:12" time="7.856" tests="5">
    <testcase classname="AllExceptionsFilter (P1-BE-01) normalises a plain HttpException to { code, message }" name="AllExceptionsFilter (P1-BE-01) normalises a plain HttpException to { code, message }" time="0.01">
    </testcase>
    <testcase classname="AllExceptionsFilter (P1-BE-01) keeps an explicit domain code + details from the thrown response" name="AllExceptionsFilter (P1-BE-01) keeps an explicit domain code + details from the thrown response" time="0.001">
    </testcase>
    <testcase classname="AllExceptionsFilter (P1-BE-01) adds retryAfter + Retry-After header on 429" name="AllExceptionsFilter (P1-BE-01) adds retryAfter + Retry-After header on 429" time="0.001">
    </testcase>
    <testcase classname="AllExceptionsFilter (P1-BE-01) masks an unknown error as 500 { code: internal } and logs it" name="AllExceptionsFilter (P1-BE-01) masks an unknown error as 500 { code: internal } and logs it" time="0.001">
    </testcase>
    <testcase classname="AllExceptionsFilter (P1-BE-01) re-throws for non-http (WS) contexts so the WS filter handles them" name="AllExceptionsFilter (P1-BE-01) re-throws for non-http (WS) contexts so the WS filter handles them" time="0.008">
    </testcase>
  </testsuite>
  <testsuite name="WsThrottleGuard (P1-BE-01)" errors="0" failures="0" skipped="0" timestamp="2026-09-23T17:55:12" time="7.846" tests="5">
    <testcase classname="WsThrottleGuard (P1-BE-01) ignores non-ws contexts without touching Redis" name="WsThrottleGuard (P1-BE-01) ignores non-ws contexts without touching Redis" time="0.015">
    </testcase>
    <testcase classname="WsThrottleGuard (P1-BE-01) allows up to the limit within 1s, then throws rate.limited" name="WsThrottleGuard (P1-BE-01) allows up to the limit within 1s, then throws rate.limited" time="0.003">
    </testcase>
    <testcase classname="WsThrottleGuard (P1-BE-01) is per-user and shared by separate Nest guard instances" name="WsThrottleGuard (P1-BE-01) is per-user and shared by separate Nest guard instances" time="0.001">
    </testcase>
    <testcase classname="WsThrottleGuard (P1-BE-01) lets the window slide after messages become older than 1s" name="WsThrottleGuard (P1-BE-01) lets the window slide after messages become older than 1s" time="0.001">
    </testcase>
    <testcase classname="WsThrottleGuard (P1-BE-01) falls back to 30 when WS_MSG_PER_SEC is invalid" name="WsThrottleGuard (P1-BE-01) falls back to 30 when WS_MSG_PER_SEC is invalid" time="0.001">
    </testcase>
  </testsuite>
  <testsuite name="HealthController (P3-BE-03)" errors="0" failures="0" skipped="0" timestamp="2026-09-23T17:55:12" time="8.42" tests="5">
    <testcase classname="HealthController (P3-BE-03) /health/live is always 200 and never touches deps" name="HealthController (P3-BE-03) /health/live is always 200 and never touches deps" time="0.008">
    </testcase>
    <testcase classname="HealthController (P3-BE-03) /health/ready returns 200 when Postgres + Redis are up" name="HealthController (P3-BE-03) /health/ready returns 200 when Postgres + Redis are up" time="0.001">
    </testcase>
    <testcase classname="HealthController (P3-BE-03) /health/ready throws 503 when Redis is down" name="HealthController (P3-BE-03) /health/ready throws 503 when Redis is down" time="0">
    </testcase>
    <testcase classname="HealthController (P3-BE-03) /health/ready throws 503 when Postgres is not initialised" name="HealthController (P3-BE-03) /health/ready throws 503 when Postgres is not initialised" time="0.001">
    </testcase>
    <testcase classname="HealthController (P3-BE-03) /health aggregate reports degraded when a dep is down" name="HealthController (P3-BE-03) /health aggregate reports degraded when a dep is down" time="0">
    </testcase>
  </testsuite>
  <testsuite name="WsGateway P0-BE-10 handlers" errors="0" failures="0" skipped="0" timestamp="2026-09-23T17:55:12" time="8.468" tests="16">
    <testcase classname="WsGateway P0-BE-10 handlers routes matchmaking join and leave with the authenticated user id" name="WsGateway P0-BE-10 handlers routes matchmaking join and leave with the authenticated user id" time="0.012">
    </testcase>
    <testcase classname="WsGateway P0-BE-10 handlers routes onShopBuy to runtime action shop:buy" name="WsGateway P0-BE-10 handlers routes onShopBuy to runtime action shop:buy" time="0.001">
    </testcase>
    <testcase classname="WsGateway P0-BE-10 handlers routes onShopSell to runtime action shop:sell" name="WsGateway P0-BE-10 handlers routes onShopSell to runtime action shop:sell" time="0">
    </testcase>
    <testcase classname="WsGateway P0-BE-10 handlers routes onShopRefresh to runtime action shop:refresh" name="WsGateway P0-BE-10 handlers routes onShopRefresh to runtime action shop:refresh" time="0.001">
    </testcase>
    <testcase classname="WsGateway P0-BE-10 handlers routes onShopFuse to runtime action shop:fuse" name="WsGateway P0-BE-10 handlers routes onShopFuse to runtime action shop:fuse" time="0.001">
    </testcase>
    <testcase classname="WsGateway P0-BE-10 handlers routes onMatchPlace to runtime action match:place" name="WsGateway P0-BE-10 handlers routes onMatchPlace to runtime action match:place" time="0">
    </testcase>
    <testcase classname="WsGateway P0-BE-10 handlers routes onMatchReady to runtime action match:ready" name="WsGateway P0-BE-10 handlers routes onMatchReady to runtime action match:ready" time="0.001">
    </testcase>
    <testcase classname="WsGateway P0-BE-10 handlers routes onMatchCombatDone to runtime action match:combat_done" name="WsGateway P0-BE-10 handlers routes onMatchCombatDone to runtime action match:combat_done" time="0">
    </testcase>
    <testcase classname="WsGateway P0-BE-10 handlers emits domain errors with the matching clientActionId" name="WsGateway P0-BE-10 handlers emits domain errors with the matching clientActionId" time="0.001">
    </testcase>
    <testcase classname="WsGateway P0-BE-10 handlers masks unexpected service errors" name="WsGateway P0-BE-10 handlers masks unexpected service errors" time="0.001">
    </testcase>
    <testcase classname="WsGateway P0-BE-10 handlers registers sockets and notifies runtime on a real disconnect" name="WsGateway P0-BE-10 handlers registers sockets and notifies runtime on a real disconnect" time="0.001">
    </testcase>
    <testcase classname="WsGateway P0-BE-10 handlers does not forfeit when an older duplicate socket is intentionally replaced" name="WsGateway P0-BE-10 handlers does not forfeit when an older duplicate socket is intentionally replaced" time="0.001">
    </testcase>
    <testcase classname="WS error envelope maps validation exceptions and masks unexpected errors" name="WS error envelope maps validation exceptions and masks unexpected errors" time="0.001">
    </testcase>
    <testcase classname="WS error envelope maps a WsValidationPipe failure (WsException) to invalid_payload" name="WS error envelope maps a WsValidationPipe failure (WsException) to invalid_payload" time="0">
    </testcase>
    <testcase classname="WsGameExceptionFilter → game:error (P1-BE-02) emits game:error{code:invalid_payload} when the validation pipe rejects a payload" name="WsGameExceptionFilter → game:error (P1-BE-02) emits game:error{code:invalid_payload} when the validation pipe rejects a payload" time="0.001">
    </testcase>
    <testcase classname="WsGameExceptionFilter → game:error (P1-BE-02) masks an unexpected handler throw as game:error{code:internal}" name="WsGameExceptionFilter → game:error (P1-BE-02) masks an unexpected handler throw as game:error{code:internal}" time="0">
    </testcase>
  </testsuite>
  <testsuite name="ShopService — P0-BE-14" errors="0" failures="0" skipped="0" timestamp="2026-09-23T17:55:12" time="8.507" tests="11">
    <testcase classname="ShopService — P0-BE-14 returns identical offers for the same seed tuple" name="ShopService — P0-BE-14 returns identical offers for the same seed tuple" time="0.009">
    </testcase>
    <testcase classname="ShopService — P0-BE-14 matches the 40/40/15/5 pool distribution over 10,000 rolls" name="ShopService — P0-BE-14 matches the 40/40/15/5 pool distribution over 10,000 rolls" time="0.037">
    </testcase>
    <testcase classname="ShopService — P0-BE-14 rolls exactly five private offers for each player" name="ShopService — P0-BE-14 rolls exactly five private offers for each player" time="0.002">
    </testcase>
    <testcase classname="ShopService — P0-BE-14 buy deducts gold, fills the bench and a retry is a no-op" name="ShopService — P0-BE-14 buy deducts gold, fills the bench and a retry is a no-op" time="0.002">
    </testcase>
    <testcase classname="ShopService — P0-BE-14 buy keeps a duplicate in the bench until the player fuses it" name="ShopService — P0-BE-14 buy keeps a duplicate in the bench until the player fuses it" time="0.001">
    </testcase>
    <testcase classname="ShopService — P0-BE-14 sell refunds the full invested cost of a fused unit" name="ShopService — P0-BE-14 sell refunds the full invested cost of a fused unit" time="0.001">
    </testcase>
    <testcase classname="ShopService — P0-BE-14 allows one deterministic refresh then rejects shop.refresh_used" name="ShopService — P0-BE-14 allows one deterministic refresh then rejects shop.refresh_used" time="0.001">
    </testcase>
    <testcase classname="ShopService — P0-BE-14 manually fuses two same-star copies and rejects an invalid fuse" name="ShopService — P0-BE-14 manually fuses two same-star copies and rejects an invalid fuse" time="0.001">
    </testcase>
    <testcase classname="ShopService — P0-BE-14 fuses the dragged source into the exact target instance" name="ShopService — P0-BE-14 fuses the dragged source into the exact target instance" time="0.001">
    </testcase>
    <testcase classname="ShopService — P0-BE-14 never lets gold go negative" name="ShopService — P0-BE-14 never lets gold go negative" time="0">
    </testcase>
    <testcase classname="ShopService — P0-BE-14 atomically rejects an action when the phase flips before commit" name="ShopService — P0-BE-14 atomically rejects an action when the phase flips before commit" time="0.001">
    </testcase>
  </testsuite>
</testsuites>